行 33: 控件 rftHistoryFollow 的类 RichTextLib.RichTextBox 不是一个已加载的控件类。
行 56: 控件 img24 的类 MSComctlLib.ImageList 不是一个已加载的控件类。
行 170: 控件 rtxtAppend 的类 RichTextLib.RichTextBox 不是一个已加载的控件类。
行 275: 控件 tcDisable 的类 zl9PacsControl.TranControl 不是一个已加载的控件类。
行 349: 控件 TabWindow 的类 XtremeSuiteControls.TabControl 不是一个已加载的控件类。
行 361: 控件 dcmRelateViewer 的类 DicomObjects.DicomViewer 不是一个已加载的控件类。
行 378: 控件 stbThis 的类 MSComctlLib.StatusBar 不是一个已加载的控件类。
行 442: 控件 imgList 的类 MSComctlLib.ImageList 不是一个已加载的控件类。
行 501: 控件 img16 的类 MSComctlLib.ImageList 不是一个已加载的控件类。
行 547: 控件 tabScheme 的类 XtremeSuiteControls.TabControl 不是一个已加载的控件类。
行 854: 控件 TabExtra 的类 XtremeSuiteControls.TabControl 不是一个已加载的控件类。
行 885: 控件 cbrFilter 的类 XtremeCommandBars.CommandBars 不是一个已加载的控件类。
行 905: 控件 vsfList 的类 VSFlex8Ctl.VSFlexGrid 不是一个已加载的控件类。
行 1003: 控件 PatiIdentify 的类 zlIDKind.PatiIdentify 不是一个已加载的控件类。
行 1053: 控件 cbrMain 的类 XtremeCommandBars.CommandBars 不是一个已加载的控件类。
行 1061: 控件 dkpMain 的类 XtremeDockingPane.DockingPane 不是一个已加载的控件类。
行 39: 属性名 _ExtentX 在 rftHistoryFollow 中是无效的。
行 40: 属性名 _ExtentY 在 rftHistoryFollow 中是无效的。
行 41: 属性名 _Version 在 rftHistoryFollow 中是无效的。
行 44: 属性名 ScrollBars 在 rftHistoryFollow 中是无效的。
行 46: 属性名 AutoVerbMenu 在 rftHistoryFollow 中是无效的。
行 47: 属性名 TextRTF 在 rftHistoryFollow 中是无效的。
行 59: 属性名 _ExtentX 在 img24 中是无效的。
行 60: 属性名 _ExtentY 在 img24 中是无效的。
行 62: 属性名 ImageWidth 在 img24 中是无效的。
行 63: 属性名 ImageHeight 在 img24 中是无效的。
行 64: 属性名 MaskColor 在 img24 中是无效的。
行 65: 属性名 _Version 在 img24 中是无效的。
行 88: 属性名 Images 在 img24 中是无效的。
行 176: 属性名 _ExtentX 在 rtxtAppend 中是无效的。
行 177: 属性名 _ExtentY 在 rtxtAppend 中是无效的。
行 178: 属性名 _Version 在 rtxtAppend 中是无效的。
行 181: 属性名 ReadOnly 在 rtxtAppend 中是无效的。
行 183: 属性名 AutoVerbMenu 在 rtxtAppend 中是无效的。
行 184: 属性名 TextRTF 在 rtxtAppend 中是无效的。
行 282: 属性名 _ExtentX 在 tcDisable 中是无效的。
行 283: 属性名 _ExtentY 在 tcDisable 中是无效的。
行 284: 属性名 AlphaValue 在 tcDisable 中是无效的。
行 355: 属性名 _Version 在 TabWindow 中是无效的。
行 356: 属性名 _ExtentX 在 TabWindow 中是无效的。
行 357: 属性名 _ExtentY 在 TabWindow 中是无效的。
行 358: 属性名 _StockProps 在 TabWindow 中是无效的。
行 368: 属性名 _Version 在 dcmRelateViewer 中是无效的。
行 369: 属性名 _ExtentX 在 dcmRelateViewer 中是无效的。
行 370: 属性名 _ExtentY 在 dcmRelateViewer 中是无效的。
行 371: 属性名 _StockProps 在 dcmRelateViewer 中是无效的。
行 385: 属性名 _ExtentX 在 stbThis 中是无效的。
行 386: 属性名 _ExtentY 在 stbThis 中是无效的。
行 387: 属性名 _Version 在 stbThis 中是无效的。
行 431: 属性名 Panels 在 stbThis 中是无效的。
行 445: 属性名 _ExtentX 在 imgList 中是无效的。
行 446: 属性名 _ExtentY 在 imgList 中是无效的。
行 448: 属性名 ImageWidth 在 imgList 中是无效的。
行 449: 属性名 ImageHeight 在 imgList 中是无效的。
行 450: 属性名 MaskColor 在 imgList 中是无效的。
行 451: 属性名 _Version 在 imgList 中是无效的。
行 499: 属性名 Images 在 imgList 中是无效的。
行 504: 属性名 _ExtentX 在 img16 中是无效的。
行 505: 属性名 _ExtentY 在 img16 中是无效的。
行 507: 属性名 ImageWidth 在 img16 中是无效的。
行 508: 属性名 ImageHeight 在 img16 中是无效的。
行 509: 属性名 MaskColor 在 img16 中是无效的。
行 510: 属性名 _Version 在 img16 中是无效的。
行 533: 属性名 Images 在 img16 中是无效的。
行 554: 属性名 _Version 在 tabScheme 中是无效的。
行 555: 属性名 _ExtentX 在 tabScheme 中是无效的。
行 556: 属性名 _ExtentY 在 tabScheme 中是无效的。
行 557: 属性名 _StockProps 在 tabScheme 中是无效的。
行 860: 属性名 _Version 在 TabExtra 中是无效的。
行 861: 属性名 _ExtentX 在 TabExtra 中是无效的。
行 862: 属性名 _ExtentY 在 TabExtra 中是无效的。
行 863: 属性名 _StockProps 在 TabExtra 中是无效的。
行 888: 属性名 _Version 在 cbrFilter 中是无效的。
行 889: 属性名 _ExtentX 在 cbrFilter 中是无效的。
行 890: 属性名 _ExtentY 在 cbrFilter 中是无效的。
行 891: 属性名 _StockProps 在 cbrFilter 中是无效的。
行 906: 属性名 Bindings 在 vsfList 中是无效的。
行 912: 属性名 _cx 在 vsfList 中是无效的。
行 913: 属性名 _cy 在 vsfList 中是无效的。
行 929: 属性名 BackColorFixed 在 vsfList 中是无效的。
行 930: 属性名 ForeColorFixed 在 vsfList 中是无效的。
行 931: 属性名 BackColorSel 在 vsfList 中是无效的。
行 932: 属性名 ForeColorSel 在 vsfList 中是无效的。
行 933: 属性名 BackColorBkg 在 vsfList 中是无效的。
行 934: 属性名 BackColorAlternate 在 vsfList 中是无效的。
行 935: 属性名 GridColor 在 vsfList 中是无效的。
行 936: 属性名 GridColorFixed 在 vsfList 中是无效的。
行 937: 属性名 TreeColor 在 vsfList 中是无效的。
行 938: 属性名 FloodColor 在 vsfList 中是无效的。
行 939: 属性名 SheetBorder 在 vsfList 中是无效的。
行 940: 属性名 FocusRect 在 vsfList 中是无效的。
行 941: 属性名 HighLight 在 vsfList 中是无效的。
行 942: 属性名 AllowSelection 在 vsfList 中是无效的。
行 943: 属性名 AllowBigSelection 在 vsfList 中是无效的。
行 944: 属性名 AllowUserResizing 在 vsfList 中是无效的。
行 945: 属性名 SelectionMode 在 vsfList 中是无效的。
行 946: 属性名 GridLines 在 vsfList 中是无效的。
行 947: 属性名 GridLinesFixed 在 vsfList 中是无效的。
行 948: 属性名 GridLineWidth 在 vsfList 中是无效的。
行 949: 属性名 Rows 在 vsfList 中是无效的。
行 950: 属性名 Cols 在 vsfList 中是无效的。
行 951: 属性名 FixedRows 在 vsfList 中是无效的。
行 952: 属性名 FixedCols 在 vsfList 中是无效的。
行 953: 属性名 RowHeightMin 在 vsfList 中是无效的。
行 954: 属性名 RowHeightMax 在 vsfList 中是无效的。
行 955: 属性名 ColWidthMin 在 vsfList 中是无效的。
行 956: 属性名 ColWidthMax 在 vsfList 中是无效的。
行 957: 属性名 ExtendLastCol 在 vsfList 中是无效的。
行 958: 属性名 FormatString 在 vsfList 中是无效的。
行 959: 属性名 ScrollTrack 在 vsfList 中是无效的。
行 960: 属性名 ScrollBars 在 vsfList 中是无效的。
行 961: 属性名 ScrollTips 在 vsfList 中是无效的。
行 962: 属性名 MergeCells 在 vsfList 中是无效的。
行 963: 属性名 MergeCompare 在 vsfList 中是无效的。
行 964: 属性名 AutoResize 在 vsfList 中是无效的。
行 965: 属性名 AutoSizeMode 在 vsfList 中是无效的。
行 966: 属性名 AutoSearch 在 vsfList 中是无效的。
行 967: 属性名 AutoSearchDelay 在 vsfList 中是无效的。
行 968: 属性名 MultiTotals 在 vsfList 中是无效的。
行 969: 属性名 SubtotalPosition 在 vsfList 中是无效的。
行 970: 属性名 OutlineBar 在 vsfList 中是无效的。
行 971: 属性名 OutlineCol 在 vsfList 中是无效的。
行 972: 属性名 Ellipsis 在 vsfList 中是无效的。
行 973: 属性名 ExplorerBar 在 vsfList 中是无效的。
行 974: 属性名 PicturesOver 在 vsfList 中是无效的。
行 977: 属性名 PictureType 在 vsfList 中是无效的。
行 978: 属性名 TabBehavior 在 vsfList 中是无效的。
行 979: 属性名 OwnerDraw 在 vsfList 中是无效的。
行 980: 属性名 Editable 在 vsfList 中是无效的。
行 981: 属性名 ShowComboButton 在 vsfList 中是无效的。
行 982: 属性名 WordWrap 在 vsfList 中是无效的。
行 983: 属性名 TextStyle 在 vsfList 中是无效的。
行 984: 属性名 TextStyleFixed 在 vsfList 中是无效的。
行 987: 属性名 DataMode 在 vsfList 中是无效的。
行 988: 属性名 VirtualData 在 vsfList 中是无效的。
行 990: 属性名 ComboSearch 在 vsfList 中是无效的。
行 991: 属性名 AutoSizeMouse 在 vsfList 中是无效的。
行 992: 属性名 FrozenRows 在 vsfList 中是无效的。
行 993: 属性名 FrozenCols 在 vsfList 中是无效的。
行 994: 属性名 AllowUserFreezing 在 vsfList 中是无效的。
行 995: 属性名 BackColorFrozen 在 vsfList 中是无效的。
行 996: 属性名 ForeColorFrozen 在 vsfList 中是无效的。
行 997: 属性名 WallPaperAlignment 在 vsfList 中是无效的。
行 998: 属性名 AccessibleName 在 vsfList 中是无效的。
行 999: 属性名 AccessibleDescription 在 vsfList 中是无效的。
行 1000: 属性名 AccessibleValue 在 vsfList 中是无效的。
行 1001: 属性名 AccessibleRole 在 vsfList 中是无效的。
行 1009: 属性名 _ExtentX 在 PatiIdentify 中是无效的。
行 1010: 属性名 _ExtentY 在 PatiIdentify 中是无效的。
行 1020: 属性名 IDKindStr 在 PatiIdentify 中是无效的。
行 1029: 属性名 IDKindFont 在 PatiIdentify 中是无效的。
行 1030: 属性名 IDKindAppearance 在 PatiIdentify 中是无效的。
行 1031: 属性名 CaptionAlignment 在 PatiIdentify 中是无效的。
行 1032: 属性名 ShowPropertySet 在 PatiIdentify 中是无效的。
行 1033: 属性名 DefaultCardType 在 PatiIdentify 中是无效的。
行 1034: 属性名 IDkindBorderStyle 在 PatiIdentify 中是无效的。
行 1035: 属性名 IDKindWidth 在 PatiIdentify 中是无效的。
行 1036: 属性名 FindPatiShowName 在 PatiIdentify 中是无效的。
行 1037: 属性名 HiddenMoseRightKey 在 PatiIdentify 中是无效的。
行 1046: 属性名 CardNoShowFont 在 PatiIdentify 中是无效的。
行 1047: 属性名 AllowAutoCommCard 在 PatiIdentify 中是无效的。
行 1048: 属性名 AllowAutoICCard 在 PatiIdentify 中是无效的。
行 1049: 属性名 AllowAutoIDCard 在 PatiIdentify 中是无效的。
行 1050: 属性名 NotContainFastKey 在 PatiIdentify 中是无效的。
行 1056: 属性名 _Version 在 cbrMain 中是无效的。
行 1057: 属性名 _ExtentX 在 cbrMain 中是无效的。
行 1058: 属性名 _ExtentY 在 cbrMain 中是无效的。
行 1059: 属性名 _StockProps 在 cbrMain 中是无效的。
行 1062: 属性名 Bindings 在 dkpMain 中是无效的。
行 1065: 属性名 _Version 在 dkpMain 中是无效的。
行 1066: 属性名 _ExtentX 在 dkpMain 中是无效的。
行 1067: 属性名 _ExtentY 在 dkpMain 中是无效的。
行 1068: 属性名 _StockProps 在 dkpMain 中是无效的。
行 1069: 属性名 VisualTheme 在 dkpMain 中是无效的。
