行 63: 控件 ucSplitterH 的类 zl9PacsControl.ucSplitter 不是一个已加载的控件类。
行 110: 控件 rtxtReport 的类 RichTextLib.RichTextBox 不是一个已加载的控件类。
行 134: 控件 lvHistoryList 的类 MSComctlLib.ListView 不是一个已加载的控件类。
行 167: 控件 edtEditor 的类 zlRichEditor.Editor 不是一个已加载的控件类。
行 177: 控件 dlgFont 的类 MSComDlg.CommonDialog 不是一个已加载的控件类。
行 185: 控件 rtxtSaveElement 的类 RichTextLib.RichTextBox 不是一个已加载的控件类。
行 197: 控件 cbrMain 的类 XtremeCommandBars.CommandBars 不是一个已加载的控件类。
行 205: 控件 dkpMain 的类 XtremeDockingPane.DockingPane 不是一个已加载的控件类。
行 69: 属性名 _ExtentX 在 ucSplitterH 中是无效的。
行 70: 属性名 _ExtentY 在 ucSplitterH 中是无效的。
行 72: 属性名 SplitType 在 ucSplitterH 中是无效的。
行 73: 属性名 Con1MinSize 在 ucSplitterH 中是无效的。
行 74: 属性名 Con2MinSize 在 ucSplitterH 中是无效的。
行 75: 属性名 Control1Name 在 ucSplitterH 中是无效的。
行 76: 属性名 Control2Name 在 ucSplitterH 中是无效的。
行 116: 属性名 _ExtentX 在 rtxtReport 中是无效的。
行 117: 属性名 _ExtentY 在 rtxtReport 中是无效的。
行 118: 属性名 _Version 在 rtxtReport 中是无效的。
行 119: 属性名 ReadOnly 在 rtxtReport 中是无效的。
行 120: 属性名 ScrollBars 在 rtxtReport 中是无效的。
行 122: 属性名 AutoVerbMenu 在 rtxtReport 中是无效的。
行 123: 属性名 TextRTF 在 rtxtReport 中是无效的。
行 140: 属性名 _ExtentX 在 lvHistoryList 中是无效的。
行 141: 属性名 _ExtentY 在 lvHistoryList 中是无效的。
行 142: 属性名 View 在 lvHistoryList 中是无效的。
行 143: 属性名 LabelEdit 在 lvHistoryList 中是无效的。
行 144: 属性名 LabelWrap 在 lvHistoryList 中是无效的。
行 145: 属性名 HideSelection 在 lvHistoryList 中是无效的。
行 146: 属性名 FullRowSelect 在 lvHistoryList 中是无效的。
行 147: 属性名 GridLines 在 lvHistoryList 中是无效的。
行 148: 属性名 _Version 在 lvHistoryList 中是无效的。
行 149: 属性名 Icons 在 lvHistoryList 中是无效的。
行 150: 属性名 SmallIcons 在 lvHistoryList 中是无效的。
行 155: 属性名 NumItems 在 lvHistoryList 中是无效的。
行 159: 属性名 ColumnHeader(1) 在 lvHistoryList 中是无效的。
行 164: 属性名 ColumnHeader(2) 在 lvHistoryList 中是无效的。
行 174: 属性名 _ExtentX 在 edtEditor 中是无效的。
行 175: 属性名 _ExtentY 在 edtEditor 中是无效的。
行 180: 属性名 _ExtentX 在 dlgFont 中是无效的。
行 181: 属性名 _ExtentY 在 dlgFont 中是无效的。
行 182: 属性名 _Version 在 dlgFont 中是无效的。
行 192: 属性名 _ExtentX 在 rtxtSaveElement 中是无效的。
行 193: 属性名 _ExtentY 在 rtxtSaveElement 中是无效的。
行 194: 属性名 _Version 在 rtxtSaveElement 中是无效的。
行 195: 属性名 TextRTF 在 rtxtSaveElement 中是无效的。
行 200: 属性名 _Version 在 cbrMain 中是无效的。
行 201: 属性名 _ExtentX 在 cbrMain 中是无效的。
行 202: 属性名 _ExtentY 在 cbrMain 中是无效的。
行 203: 属性名 _StockProps 在 cbrMain 中是无效的。
行 206: 属性名 Bindings 在 dkpMain 中是无效的。
行 209: 属性名 _Version 在 dkpMain 中是无效的。
行 210: 属性名 _ExtentX 在 dkpMain 中是无效的。
行 211: 属性名 _ExtentY 在 dkpMain 中是无效的。
行 212: 属性名 _StockProps 在 dkpMain 中是无效的。
